<?xml version="1.0" encoding="UTF-8"?>
<!-- Generated by org.testng.reporters.JUnitXMLReporter -->
<testsuite ignored="0" hostname="swaroop-HP-Notebook" failures="0" tests="5" name="Give Feedback" time="47.413" errors="0" timestamp="13 June 2023 06:33:04 GMT">
  <testcase classname="testcases.TestCase2" name="giveFeedback" time="5.034"/>
  <testcase classname="testcases.TestCase2" name="giveFeedback" time="5.356"/>
  <testcase classname="testcases.TestCase2" name="giveFeedback" time="11.945"/>
  <testcase classname="testcases.TestCase2" name="giveFeedback" time="18.614"/>
  <testcase classname="testcases.TestCase2" name="giveFeedback" time="5.702"/>
</testsuite> <!-- Give Feedback -->
