<?xml version="1.0" encoding="UTF-8"?>
<testng-results ignored="0" total="7" passed="7" failed="0" skipped="0">
  <reporter-output>
  </reporter-output>
  <suite started-at="2023-06-13T06:32:10Z" name="Page Object Model Framework" finished-at="2023-06-13T06:33:09Z" duration-ms="58927">
    <groups>
    </groups>
    <test started-at="2023-06-13T06:32:10Z" name="validate Error" finished-at="2023-06-13T06:32:16Z" duration-ms="5864">
      <class name="testcases.TestCase1">
        <test-method signature="validateErrors(java.lang.String, java.lang.String, java.lang.String, java.lang.String, java.lang.String)[pri:0, instance:testcases.TestCase1@3bc735b3]" started-at="2023-06-13T06:32:10Z" name="validateErrors" data-provider="dp" finished-at="2023-06-13T06:32:16Z" duration-ms="5656" status="PASS">
          <params>
            <param index="0">
              <value>
                <![CDATA[chrome]]>
              </value>
            </param>
            <param index="1">
              <value>
                <![CDATA[Forename is required]]>
              </value>
            </param>
            <param index="2">
              <value>
                <![CDATA[Email is required]]>
              </value>
            </param>
            <param index="3">
              <value>
                <![CDATA[Message is required]]>
              </value>
            </param>
            <param index="4">
              <value>
                <![CDATA[Thanks Harry]]>
              </value>
            </param>
          </params>
          <reporter-output>
          </reporter-output>
        </test-method> <!-- validateErrors -->
        <test-method is-config="true" signature="tearDown()[pri:0, instance:testcases.TestCase1@3bc735b3]" started-at="2023-06-13T06:32:16Z" name="tearDown" finished-at="2023-06-13T06:32:16Z" duration-ms="107" status="PASS">
          <reporter-output>
          </reporter-output>
        </test-method> <!-- tearDown -->
      </class> <!-- testcases.TestCase1 -->
    </test> <!-- validate Error -->
    <test started-at="2023-06-13T06:32:16Z" name="Give Feedback" finished-at="2023-06-13T06:33:04Z" duration-ms="47413">
      <class name="testcases.TestCase2">
        <test-method signature="giveFeedback(java.lang.String, java.lang.String, java.lang.String)[pri:0, instance:testcases.TestCase2@7c2a69b4]" started-at="2023-06-13T06:32:16Z" name="giveFeedback" data-provider="dp" finished-at="2023-06-13T06:32:21Z" duration-ms="5034" status="PASS">
          <params>
            <param index="0">
              <value>
                <![CDATA[chrome]]>
              </value>
            </param>
            <param index="1">
              <value>
                <![CDATA[Y]]>
              </value>
            </param>
            <param index="2">
              <value>
                <![CDATA[Thanks Harry]]>
              </value>
            </param>
          </params>
          <reporter-output>
          </reporter-output>
        </test-method> <!-- giveFeedback -->
        <test-method is-config="true" signature="tearDown()[pri:0, instance:testcases.TestCase2@7c2a69b4]" started-at="2023-06-13T06:32:21Z" name="tearDown" finished-at="2023-06-13T06:32:21Z" duration-ms="102" status="PASS">
          <reporter-output>
          </reporter-output>
        </test-method> <!-- tearDown -->
        <test-method signature="giveFeedback(java.lang.String, java.lang.String, java.lang.String)[pri:0, instance:testcases.TestCase2@7c2a69b4]" started-at="2023-06-13T06:32:21Z" name="giveFeedback" data-provider="dp" finished-at="2023-06-13T06:32:27Z" duration-ms="5356" status="PASS">
          <params>
            <param index="0">
              <value>
                <![CDATA[chrome]]>
              </value>
            </param>
            <param index="1">
              <value>
                <![CDATA[Y]]>
              </value>
            </param>
            <param index="2">
              <value>
                <![CDATA[Thanks Harry]]>
              </value>
            </param>
          </params>
          <reporter-output>
          </reporter-output>
        </test-method> <!-- giveFeedback -->
        <test-method is-config="true" signature="tearDown()[pri:0, instance:testcases.TestCase2@7c2a69b4]" started-at="2023-06-13T06:32:27Z" name="tearDown" finished-at="2023-06-13T06:32:27Z" duration-ms="102" status="PASS">
          <reporter-output>
          </reporter-output>
        </test-method> <!-- tearDown -->
        <test-method signature="giveFeedback(java.lang.String, java.lang.String, java.lang.String)[pri:0, instance:testcases.TestCase2@7c2a69b4]" started-at="2023-06-13T06:32:27Z" name="giveFeedback" data-provider="dp" finished-at="2023-06-13T06:32:39Z" duration-ms="11945" status="PASS">
          <params>
            <param index="0">
              <value>
                <![CDATA[chrome]]>
              </value>
            </param>
            <param index="1">
              <value>
                <![CDATA[Y]]>
              </value>
            </param>
            <param index="2">
              <value>
                <![CDATA[Thanks Harry]]>
              </value>
            </param>
          </params>
          <reporter-output>
          </reporter-output>
        </test-method> <!-- giveFeedback -->
        <test-method is-config="true" signature="tearDown()[pri:0, instance:testcases.TestCase2@7c2a69b4]" started-at="2023-06-13T06:32:39Z" name="tearDown" finished-at="2023-06-13T06:32:39Z" duration-ms="107" status="PASS">
          <reporter-output>
          </reporter-output>
        </test-method> <!-- tearDown -->
        <test-method signature="giveFeedback(java.lang.String, java.lang.String, java.lang.String)[pri:0, instance:testcases.TestCase2@7c2a69b4]" started-at="2023-06-13T06:32:39Z" name="giveFeedback" data-provider="dp" finished-at="2023-06-13T06:32:58Z" duration-ms="18614" status="PASS">
          <params>
            <param index="0">
              <value>
                <![CDATA[chrome]]>
              </value>
            </param>
            <param index="1">
              <value>
                <![CDATA[Y]]>
              </value>
            </param>
            <param index="2">
              <value>
                <![CDATA[Thanks Harry]]>
              </value>
            </param>
          </params>
          <reporter-output>
          </reporter-output>
        </test-method> <!-- giveFeedback -->
        <test-method is-config="true" signature="tearDown()[pri:0, instance:testcases.TestCase2@7c2a69b4]" started-at="2023-06-13T06:32:58Z" name="tearDown" finished-at="2023-06-13T06:32:58Z" duration-ms="116" status="PASS">
          <reporter-output>
          </reporter-output>
        </test-method> <!-- tearDown -->
        <test-method signature="giveFeedback(java.lang.String, java.lang.String, java.lang.String)[pri:0, instance:testcases.TestCase2@7c2a69b4]" started-at="2023-06-13T06:32:58Z" name="giveFeedback" data-provider="dp" finished-at="2023-06-13T06:33:03Z" duration-ms="5702" status="PASS">
          <params>
            <param index="0">
              <value>
                <![CDATA[chrome]]>
              </value>
            </param>
            <param index="1">
              <value>
                <![CDATA[Y]]>
              </value>
            </param>
            <param index="2">
              <value>
                <![CDATA[Thanks Harry]]>
              </value>
            </param>
          </params>
          <reporter-output>
          </reporter-output>
        </test-method> <!-- giveFeedback -->
        <test-method is-config="true" signature="tearDown()[pri:0, instance:testcases.TestCase2@7c2a69b4]" started-at="2023-06-13T06:33:03Z" name="tearDown" finished-at="2023-06-13T06:33:04Z" duration-ms="103" status="PASS">
          <reporter-output>
          </reporter-output>
        </test-method> <!-- tearDown -->
      </class> <!-- testcases.TestCase2 -->
    </test> <!-- Give Feedback -->
    <test started-at="2023-06-13T06:33:04Z" name="Go Shopping" finished-at="2023-06-13T06:33:09Z" duration-ms="5215">
      <class name="testcases.TestCase3">
        <test-method signature="shoppingItems(java.lang.String, java.lang.String, java.lang.String, java.lang.String, java.lang.String, java.lang.String, java.lang.String)[pri:0, instance:testcases.TestCase3@4d847d32]" started-at="2023-06-13T06:33:04Z" name="shoppingItems" data-provider="dp" finished-at="2023-06-13T06:33:09Z" duration-ms="5053" status="PASS">
          <params>
            <param index="0">
              <value>
                <![CDATA[chrome]]>
              </value>
            </param>
            <param index="1">
              <value>
                <![CDATA[2.0]]>
              </value>
            </param>
            <param index="2">
              <value>
                <![CDATA[10.99]]>
              </value>
            </param>
            <param index="3">
              <value>
                <![CDATA[5.0]]>
              </value>
            </param>
            <param index="4">
              <value>
                <![CDATA[9.99]]>
              </value>
            </param>
            <param index="5">
              <value>
                <![CDATA[3.0]]>
              </value>
            </param>
            <param index="6">
              <value>
                <![CDATA[14.99]]>
              </value>
            </param>
          </params>
          <reporter-output>
          </reporter-output>
        </test-method> <!-- shoppingItems -->
        <test-method is-config="true" signature="tearDown()[pri:0, instance:testcases.TestCase3@4d847d32]" started-at="2023-06-13T06:33:09Z" name="tearDown" finished-at="2023-06-13T06:33:09Z" duration-ms="102" status="PASS">
          <reporter-output>
          </reporter-output>
        </test-method> <!-- tearDown -->
      </class> <!-- testcases.TestCase3 -->
    </test> <!-- Go Shopping -->
  </suite> <!-- Page Object Model Framework -->
</testng-results>
